<?xml version="1.0" encoding="UTF-8"?>
<robot generator="Robot 7.1.1 (Python 3.13.0 on win32)" generated="2025-08-24T00:08:13.917971" rpa="false" schemaversion="5">
<suite id="s1" name="UploadWorkflow" source="E:\MyWork\robotFramework\Test\UploadWorkflow.robot">
<test id="s1-t1" name="Run Upload Workflow Once" line="23">
<kw name="Set Selenium Speed" owner="SeleniumLibrary" type="SETUP">
<arg>0.4</arg>
<doc>Sets the delay that is waited after each Selenium command.</doc>
<status status="PASS" start="2025-08-24T00:08:14.450361" elapsed="0.000227"/>
</kw>
<kw name="Launch browser" owner="Reusable_Functions">
<kw name="Log To Console" owner="BuiltIn">
<arg>🛠️🚀 Launching Selenium Session... Let's automate! 🤖✨</arg>
<doc>Logs the given message to the console.</doc>
<status status="PASS" start="2025-08-24T00:08:14.451186" elapsed="0.000357"/>
</kw>
<kw name="Open Browser" owner="SeleniumLibrary">
<msg time="2025-08-24T00:08:14.452057" level="INFO">Opening browser 'Chrome' to base url 'https://practice.expandtesting.com/upload'.</msg>
<arg>${URL}</arg>
<arg>${browser}</arg>
<arg>options=add_experimental_option("detach", True)</arg>
<arg>options=add_argument("--proxy-server=http://your-proxy:port")</arg>
<arg>options=add_argument("user-agent=${USER_AGENT}")</arg>
<doc>Opens a new browser instance to the optional ``url``.</doc>
<status status="PASS" start="2025-08-24T00:08:14.451782" elapsed="6.845806"/>
</kw>
<kw name="Maximize Browser Window" owner="SeleniumLibrary">
<doc>Maximizes current browser window.</doc>
<status status="PASS" start="2025-08-24T00:08:21.298357" elapsed="0.429233"/>
</kw>
<status status="PASS" start="2025-08-24T00:08:14.450963" elapsed="7.277012"/>
</kw>
<kw name="validate user is on home page" owner="Reusable_Functions">
<kw name="Wait Until Element Is Visible" owner="SeleniumLibrary">
<arg>//a[@aria-label='SUT']</arg>
<doc>Waits until the element ``locator`` is visible.</doc>
<status status="PASS" start="2025-08-24T00:08:21.729655" elapsed="0.836986"/>
</kw>
<kw name="Title Should Be" owner="SeleniumLibrary">
<msg time="2025-08-24T00:08:22.977658" level="INFO">Page title is 'Files Upload page for Automation Testing Practice'.</msg>
<arg>Files Upload page for Automation Testing Practice</arg>
<doc>Verifies that the current page title equals ``title``.</doc>
<status status="PASS" start="2025-08-24T00:08:22.566907" elapsed="0.411033"/>
</kw>
<status status="PASS" start="2025-08-24T00:08:21.728893" elapsed="1.249342"/>
</kw>
<kw name="Get Excel Files From Resource and upload" owner="Reusable_Functions">
<kw name="List Files In Directory" owner="OperatingSystem">
<msg time="2025-08-24T00:08:22.980613" level="INFO" html="true">Listing contents of directory '&lt;a href="file://E:\MyWork\robotFramework\Test\Resource"&gt;E:\MyWork\robotFramework\Test\Resource&lt;/a&gt;'.</msg>
<msg time="2025-08-24T00:08:22.982015" level="INFO">13 files:
TestData_File_2_part2.xlsx
TestData_File_3_part1.xlsx
TestData_File_3_part2.xlsx
TestData_File_4_part1.xlsx
TestData_File_4_part2.xlsx
TestData_File_4_part3.xlsx
TestData_File_4_part4.xlsx
TestData_File_5_part1.xlsx
TestData_File_5_part2.xlsx
TestData_File_5_part3.xlsx
TestData_File_5_part4.xlsx
TestData_File_5_part5.xlsx
TestData_File_5_part6.xlsx</msg>
<msg time="2025-08-24T00:08:22.982421" level="INFO">@{files} = [ TestData_File_2_part2.xlsx | TestData_File_3_part1.xlsx | TestData_File_3_part2.xlsx | TestData_File_4_part1.xlsx | TestData_File_4_part2.xlsx | TestData_File_4_part3.xlsx | TestData_File_4_part4.xl...</msg>
<var>@{files}</var>
<arg>${RESOURCE_DIR}</arg>
<arg>*.xlsx</arg>
<doc>Wrapper for `List Directory` that returns only files.</doc>
<status status="PASS" start="2025-08-24T00:08:22.980026" elapsed="0.002478"/>
</kw>
<kw name="Log" owner="BuiltIn">
<msg time="2025-08-24T00:08:22.983296" level="INFO">['TestData_File_2_part2.xlsx', 'TestData_File_3_part1.xlsx', 'TestData_File_3_part2.xlsx', 'TestData_File_4_part1.xlsx', 'TestData_File_4_part2.xlsx', 'TestData_File_4_part3.xlsx', 'TestData_File_4_part4.xlsx', 'TestData_File_5_part1.xlsx', 'TestData_File_5_part2.xlsx', 'TestData_File_5_part3.xlsx', 'TestData_File_5_part4.xlsx', 'TestData_File_5_part5.xlsx', 'TestData_File_5_part6.xlsx']</msg>
<arg>${files}</arg>
<doc>Logs the given message with the given level.</doc>
<status status="PASS" start="2025-08-24T00:08:22.982893" elapsed="0.000532"/>
</kw>
<for flavor="IN">
<iter>
<kw name="Normalize Path" owner="OperatingSystem">
<msg time="2025-08-24T00:08:22.984905" level="INFO">${file_path} = Resource\TestData_File_2_part2.xlsx</msg>
<var>${file_path}</var>
<arg>${RESOURCE_DIR}/${file}</arg>
<doc>Normalizes the given path.</doc>
<status status="PASS" start="2025-08-24T00:08:22.984398" elapsed="0.000578"/>
</kw>
<kw name="Set Variable" owner="BuiltIn">
<msg time="2025-08-24T00:08:22.985715" level="INFO">${abs_path} = E:\MyWork\robotFramework\Test\Resource\TestData_File_2_part2.xlsx</msg>
<var>${abs_path}</var>
<arg>E:\\MyWork\\robotFramework\\Test\\${file_path}</arg>
<doc>Returns the given values which can then be assigned to a variables.</doc>
<status status="PASS" start="2025-08-24T00:08:22.985288" elapsed="0.000495"/>
</kw>
<kw name="Log" owner="BuiltIn">
<msg time="2025-08-24T00:08:22.986401" level="INFO">Resource\TestData_File_2_part2.xlsx</msg>
<arg>${file_path}</arg>
<doc>Logs the given message with the given level.</doc>
<status status="PASS" start="2025-08-24T00:08:22.986076" elapsed="0.000443"/>
</kw>
<kw name="Log" owner="BuiltIn">
<msg time="2025-08-24T00:08:22.987124" level="INFO">Uploading: E:\MyWork\robotFramework\Test\Resource\TestData_File_2_part2.xlsx</msg>
<arg>Uploading: ${abs_path}</arg>
<doc>Logs the given message with the given level.</doc>
<status status="PASS" start="2025-08-24T00:08:22.986811" elapsed="0.000424"/>
</kw>
<kw name="Upload Excel File" owner="Reusable_Functions">
<kw name="Choose File" owner="SeleniumLibrary">
<msg time="2025-08-24T00:08:22.988720" level="INFO">Sending E:\MyWork\robotFramework\Test\Resource\TestData_File_2_part2.xlsx to browser.</msg>
<arg>//input[@type='file']</arg>
<arg>${file}</arg>
<doc>Inputs the ``file_path`` into the file input field ``locator``.</doc>
<status status="PASS" start="2025-08-24T00:08:22.988247" elapsed="0.879711"/>
</kw>
<kw name="Wait Until Element Is Visible" owner="SeleniumLibrary">
<arg>//button[contains(text(),'Upload')]</arg>
<doc>Waits until the element ``locator`` is visible.</doc>
<status status="PASS" start="2025-08-24T00:08:23.868570" elapsed="0.842380"/>
</kw>
<kw name="Click Element" owner="SeleniumLibrary">
<msg time="2025-08-24T00:08:24.712423" level="INFO">Clicking element '//button[contains(text(),'Upload')]'.</msg>
<arg>//button[contains(text(),'Upload')]</arg>
<doc>Click the element identified by ``locator``.</doc>
<status status="PASS" start="2025-08-24T00:08:24.711778" elapsed="4.496584"/>
</kw>
<kw name="Wait Until Element Is Visible" owner="SeleniumLibrary">
<arg>//h1[text()='File Uploaded!']</arg>
<doc>Waits until the element ``locator`` is visible.</doc>
<status status="PASS" start="2025-08-24T00:08:29.208663" elapsed="0.878625"/>
</kw>
<kw name="Remove File" owner="OperatingSystem">
<msg time="2025-08-24T00:08:30.088365" level="INFO" html="true">Removed file '&lt;a href="file://E:\MyWork\robotFramework\Test\Resource\TestData_File_2_part2.xlsx"&gt;E:\MyWork\robotFramework\Test\Resource\TestData_File_2_part2.xlsx&lt;/a&gt;'.</msg>
<arg>${file}</arg>
<doc>Removes a file with the given path.</doc>
<status status="PASS" start="2025-08-24T00:08:30.087538" elapsed="0.001035"/>
</kw>
<arg>${abs_path}</arg>
<status status="PASS" start="2025-08-24T00:08:22.987597" elapsed="7.101085"/>
</kw>
<var name="${file}">TestData_File_2_part2.xlsx</var>
<status status="PASS" start="2025-08-24T00:08:22.984103" elapsed="7.104625"/>
</iter>
<iter>
<kw name="Normalize Path" owner="OperatingSystem">
<msg time="2025-08-24T00:08:30.089824" level="INFO">${file_path} = Resource\TestData_File_3_part1.xlsx</msg>
<var>${file_path}</var>
<arg>${RESOURCE_DIR}/${file}</arg>
<doc>Normalizes the given path.</doc>
<status status="PASS" start="2025-08-24T00:08:30.089047" elapsed="0.000894"/>
</kw>
<kw name="Set Variable" owner="BuiltIn">
<msg time="2025-08-24T00:08:30.090848" level="INFO">${abs_path} = E:\MyWork\robotFramework\Test\Resource\TestData_File_3_part1.xlsx</msg>
<var>${abs_path}</var>
<arg>E:\\MyWork\\robotFramework\\Test\\${file_path}</arg>
<doc>Returns the given values which can then be assigned to a variables.</doc>
<status status="PASS" start="2025-08-24T00:08:30.090506" elapsed="0.000388"/>
</kw>
<kw name="Log" owner="BuiltIn">
<msg time="2025-08-24T00:08:30.091282" level="INFO">Resource\TestData_File_3_part1.xlsx</msg>
<arg>${file_path}</arg>
<doc>Logs the given message with the given level.</doc>
<status status="PASS" start="2025-08-24T00:08:30.091085" elapsed="0.000261"/>
</kw>
<kw name="Log" owner="BuiltIn">
<msg time="2025-08-24T00:08:30.091685" level="INFO">Uploading: E:\MyWork\robotFramework\Test\Resource\TestData_File_3_part1.xlsx</msg>
<arg>Uploading: ${abs_path}</arg>
<doc>Logs the given message with the given level.</doc>
<status status="PASS" start="2025-08-24T00:08:30.091506" elapsed="0.000238"/>
</kw>
<kw name="Upload Excel File" owner="Reusable_Functions">
<kw name="Choose File" owner="SeleniumLibrary">
<msg time="2025-08-24T00:08:30.092868" level="INFO">Sending E:\MyWork\robotFramework\Test\Resource\TestData_File_3_part1.xlsx to browser.</msg>
<msg time="2025-08-24T00:08:31.119990" level="INFO" html="true">&lt;/td&gt;&lt;/tr&gt;&lt;tr&gt;&lt;td colspan="3"&gt;&lt;a href="selenium-screenshot-38.png"&gt;&lt;img src="selenium-screenshot-38.png" width="800px"&gt;&lt;/a&gt;</msg>
<msg time="2025-08-24T00:08:31.120185" level="FAIL">Element with locator '//input[@type='file']' not found.</msg>
<arg>//input[@type='file']</arg>
<arg>${file}</arg>
<doc>Inputs the ``file_path`` into the file input field ``locator``.</doc>
<status status="FAIL" start="2025-08-24T00:08:30.092359" elapsed="1.032600">Element with locator '//input[@type='file']' not found.</status>
</kw>
<kw name="Wait Until Element Is Visible" owner="SeleniumLibrary">
<arg>//button[contains(text(),'Upload')]</arg>
<doc>Waits until the element ``locator`` is visible.</doc>
<status status="NOT RUN" start="2025-08-24T00:08:31.125307" elapsed="0.000046"/>
</kw>
<kw name="Click Element" owner="SeleniumLibrary">
<arg>//button[contains(text(),'Upload')]</arg>
<doc>Click the element identified by ``locator``.</doc>
<status status="NOT RUN" start="2025-08-24T00:08:31.125470" elapsed="0.000024"/>
</kw>
<kw name="Wait Until Element Is Visible" owner="SeleniumLibrary">
<arg>//h1[text()='File Uploaded!']</arg>
<doc>Waits until the element ``locator`` is visible.</doc>
<status status="NOT RUN" start="2025-08-24T00:08:31.125580" elapsed="0.000021"/>
</kw>
<kw name="Remove File" owner="OperatingSystem">
<arg>${file}</arg>
<doc>Removes a file with the given path.</doc>
<status status="NOT RUN" start="2025-08-24T00:08:31.125682" elapsed="0.000021"/>
</kw>
<arg>${abs_path}</arg>
<status status="FAIL" start="2025-08-24T00:08:30.091947" elapsed="1.033922">Element with locator '//input[@type='file']' not found.</status>
</kw>
<var name="${file}">TestData_File_3_part1.xlsx</var>
<status status="FAIL" start="2025-08-24T00:08:30.088890" elapsed="1.037075">Element with locator '//input[@type='file']' not found.</status>
</iter>
<var>${file}</var>
<value>@{files}</value>
<status status="FAIL" start="2025-08-24T00:08:22.983633" elapsed="8.142415">Element with locator '//input[@type='file']' not found.</status>
</for>
<status status="FAIL" start="2025-08-24T00:08:22.979238" elapsed="8.146965">Element with locator '//input[@type='file']' not found.</status>
</kw>
<kw name="Submit the request" owner="Reusable_Functions">
<status status="NOT RUN" start="2025-08-24T00:08:31.126510" elapsed="0.000031"/>
</kw>
<kw name="Close the browser" owner="Reusable_Functions">
<status status="NOT RUN" start="2025-08-24T00:08:31.126718" elapsed="0.000027"/>
</kw>
<tag>Demo_2</tag>
<status status="FAIL" start="2025-08-24T00:08:14.449236" elapsed="16.677724">Element with locator '//input[@type='file']' not found.</status>
</test>
<status status="FAIL" start="2025-08-24T00:08:13.919515" elapsed="17.208286"/>
</suite>
<statistics>
<total>
<stat pass="0" fail="1" skip="0">All Tests</stat>
</total>
<tag>
<stat pass="0" fail="1" skip="0">Demo_2</stat>
</tag>
<suite>
<stat pass="0" fail="1" skip="0" id="s1" name="UploadWorkflow">UploadWorkflow</stat>
</suite>
</statistics>
<errors>
</errors>
</robot>
